<?xml version="1.0" encoding="UTF-8"?>
<!-- Generated by org.testng.reporters.JUnitReportReporter -->
<testsuite hostname="LAPTOP-BDL305ER" failures="0" tests="1" name="demoJenkins.TestEx" time="0.009" errors="0" timestamp="2023-07-12T11:01:06 IST" skipped="0">
  <testcase classname="demoJenkins.TestEx" name="m1" time="0.009"/>
  <system-out/>
</testsuite> <!-- demoJenkins.TestEx -->
